<?xml version="1.0" encoding="UTF-8"?>
<!-- Generated by org.testng.reporters.JUnitXMLReporter -->
<testsuite hostname="QINDW243" ignored="0" name="Default test" tests="4" failures="0" timestamp="31 May 2019 08:57:18 GMT" time="26.208" errors="0">
  <testcase name="createNodeTest" time="3.657" classname="AutomationFramework_Selenium.OrangeHRM_Test"/>
  <testcase name="loginTest" time="6.467" classname="AutomationFramework_Selenium.OrangeHRM_Test"/>
  <testcase name="openURL" time="3.404" classname="AutomationFramework_Selenium.OrangeHRM_Test"/>
  <testcase name="verifyLogo" time="3.394" classname="AutomationFramework_Selenium.OrangeHRM_Test"/>
</testsuite> <!-- Default test -->
