<?xml version="1.0" encoding="UTF-8"?>
<!-- Generated by org.testng.reporters.JUnitXMLReporter -->
<testsuite hostname="QINDW243" name="Default test" tests="4" failures="0" timestamp="22 May 2019 06:35:37 GMT" time="25.02" errors="0">
  <testcase name="createNodeTest" time="3.506" classname="AutomationFramework_Selenium.OrangeHRM_Test"/>
  <testcase name="loginTest" time="5.175" classname="AutomationFramework_Selenium.OrangeHRM_Test"/>
  <testcase name="openURL" time="3.543" classname="AutomationFramework_Selenium.OrangeHRM_Test"/>
  <testcase name="verifyLogo" time="3.325" classname="AutomationFramework_Selenium.OrangeHRM_Test"/>
</testsuite> <!-- Default test -->
