<?xml version="1.0" encoding="UTF-8"?>
<testng-results skipped="0" failed="0" ignored="0" total="4" passed="4">
  <reporter-output>
  </reporter-output>
  <suite name="Default suite" duration-ms="25551" started-at="2019-05-31T09:37:01Z" finished-at="2019-05-31T09:37:26Z">
    <groups>
    </groups>
    <test name="Default test" duration-ms="25551" started-at="2019-05-31T09:37:01Z" finished-at="2019-05-31T09:37:26Z">
      <class name="AutomationFramework_Selenium.OrangeHRM_Test">
        <test-method status="PASS" signature="createReport()[pri:0, instance:AutomationFramework_Selenium.OrangeHRM_Test@39c0f4a]" name="createReport" is-config="true" duration-ms="130" started-at="2019-05-31T09:37:01Z" finished-at="2019-05-31T09:37:01Z">
          <reporter-output>
          </reporter-output>
        </test-method> <!-- createReport -->
        <test-method status="PASS" signature="initialise_WebDriver()[pri:0, instance:AutomationFramework_Selenium.OrangeHRM_Test@39c0f4a]" name="initialise_WebDriver" is-config="true" duration-ms="1795" started-at="2019-05-31T09:37:01Z" finished-at="2019-05-31T09:37:03Z">
          <reporter-output>
          </reporter-output>
        </test-method> <!-- initialise_WebDriver -->
        <test-method status="PASS" signature="createNodeTest()[pri:0, instance:AutomationFramework_Selenium.OrangeHRM_Test@39c0f4a]" name="createNodeTest" duration-ms="3630" started-at="2019-05-31T09:37:03Z" finished-at="2019-05-31T09:37:06Z">
          <reporter-output>
          </reporter-output>
        </test-method> <!-- createNodeTest -->
        <test-method status="PASS" signature="tearDown(org.testng.ITestResult)[pri:0, instance:AutomationFramework_Selenium.OrangeHRM_Test@39c0f4a]" name="tearDown" is-config="true" duration-ms="803" started-at="2019-05-31T09:37:06Z" finished-at="2019-05-31T09:37:07Z">
          <params>
            <param index="0">
              <value>
                <![CDATA[[TestResult name=createNodeTest status=SUCCESS method=OrangeHRM_Test.createNodeTest()[pri:0, instance:AutomationFramework_Selenium.OrangeHRM_Test@39c0f4a] output={null}]]]>
              </value>
            </param>
          </params>
          <reporter-output>
          </reporter-output>
        </test-method> <!-- tearDown -->
        <test-method status="PASS" signature="initialise_WebDriver()[pri:0, instance:AutomationFramework_Selenium.OrangeHRM_Test@39c0f4a]" name="initialise_WebDriver" is-config="true" duration-ms="1205" started-at="2019-05-31T09:37:07Z" finished-at="2019-05-31T09:37:08Z">
          <reporter-output>
          </reporter-output>
        </test-method> <!-- initialise_WebDriver -->
        <test-method status="PASS" signature="loginTest()[pri:0, instance:AutomationFramework_Selenium.OrangeHRM_Test@39c0f4a]" name="loginTest" duration-ms="6221" started-at="2019-05-31T09:37:08Z" finished-at="2019-05-31T09:37:14Z">
          <reporter-output>
          </reporter-output>
        </test-method> <!-- loginTest -->
        <test-method status="PASS" signature="tearDown(org.testng.ITestResult)[pri:0, instance:AutomationFramework_Selenium.OrangeHRM_Test@39c0f4a]" name="tearDown" is-config="true" duration-ms="844" started-at="2019-05-31T09:37:14Z" finished-at="2019-05-31T09:37:15Z">
          <params>
            <param index="0">
              <value>
                <![CDATA[[TestResult name=loginTest status=SUCCESS method=OrangeHRM_Test.loginTest()[pri:0, instance:AutomationFramework_Selenium.OrangeHRM_Test@39c0f4a] output={null}]]]>
              </value>
            </param>
          </params>
          <reporter-output>
          </reporter-output>
        </test-method> <!-- tearDown -->
        <test-method status="PASS" signature="initialise_WebDriver()[pri:0, instance:AutomationFramework_Selenium.OrangeHRM_Test@39c0f4a]" name="initialise_WebDriver" is-config="true" duration-ms="1264" started-at="2019-05-31T09:37:15Z" finished-at="2019-05-31T09:37:17Z">
          <reporter-output>
          </reporter-output>
        </test-method> <!-- initialise_WebDriver -->
        <test-method status="PASS" signature="openURL()[pri:0, instance:AutomationFramework_Selenium.OrangeHRM_Test@39c0f4a]" name="openURL" duration-ms="3337" started-at="2019-05-31T09:37:17Z" finished-at="2019-05-31T09:37:20Z">
          <reporter-output>
          </reporter-output>
        </test-method> <!-- openURL -->
        <test-method status="PASS" signature="tearDown(org.testng.ITestResult)[pri:0, instance:AutomationFramework_Selenium.OrangeHRM_Test@39c0f4a]" name="tearDown" is-config="true" duration-ms="843" started-at="2019-05-31T09:37:20Z" finished-at="2019-05-31T09:37:21Z">
          <params>
            <param index="0">
              <value>
                <![CDATA[[TestResult name=openURL status=SUCCESS method=OrangeHRM_Test.openURL()[pri:0, instance:AutomationFramework_Selenium.OrangeHRM_Test@39c0f4a] output={null}]]]>
              </value>
            </param>
          </params>
          <reporter-output>
          </reporter-output>
        </test-method> <!-- tearDown -->
        <test-method status="PASS" signature="initialise_WebDriver()[pri:0, instance:AutomationFramework_Selenium.OrangeHRM_Test@39c0f4a]" name="initialise_WebDriver" is-config="true" duration-ms="1361" started-at="2019-05-31T09:37:21Z" finished-at="2019-05-31T09:37:22Z">
          <reporter-output>
          </reporter-output>
        </test-method> <!-- initialise_WebDriver -->
        <test-method status="PASS" signature="verifyLogo()[pri:0, instance:AutomationFramework_Selenium.OrangeHRM_Test@39c0f4a]" name="verifyLogo" duration-ms="3005" started-at="2019-05-31T09:37:22Z" finished-at="2019-05-31T09:37:25Z">
          <reporter-output>
          </reporter-output>
        </test-method> <!-- verifyLogo -->
        <test-method status="PASS" signature="tearDown(org.testng.ITestResult)[pri:0, instance:AutomationFramework_Selenium.OrangeHRM_Test@39c0f4a]" name="tearDown" is-config="true" duration-ms="816" started-at="2019-05-31T09:37:25Z" finished-at="2019-05-31T09:37:26Z">
          <params>
            <param index="0">
              <value>
                <![CDATA[[TestResult name=verifyLogo status=SUCCESS method=OrangeHRM_Test.verifyLogo()[pri:0, instance:AutomationFramework_Selenium.OrangeHRM_Test@39c0f4a] output={null}]]]>
              </value>
            </param>
          </params>
          <reporter-output>
          </reporter-output>
        </test-method> <!-- tearDown -->
        <test-method status="PASS" signature="endReport()[pri:0, instance:AutomationFramework_Selenium.OrangeHRM_Test@39c0f4a]" name="endReport" is-config="true" duration-ms="287" started-at="2019-05-31T09:37:26Z" finished-at="2019-05-31T09:37:26Z">
          <reporter-output>
          </reporter-output>
        </test-method> <!-- endReport -->
      </class> <!-- AutomationFramework_Selenium.OrangeHRM_Test -->
    </test> <!-- Default test -->
  </suite> <!-- Default suite -->
</testng-results>
