<?xml version="1.0" encoding="UTF-8"?>
<!-- Generated by org.testng.reporters.JUnitXMLReporter -->
<testsuite hostname="QINDW273" ignored="0" name="AutomationFramework" tests="0" failures="0" timestamp="10 Sep 2019 08:51:13 GMT" time="0.029" errors="0">
  <testcase name="@BeforeClass setUpClass" time="0.01" classname="cucumber.api.testng.AbstractTestNGCucumberTests">
    <failure type="java.lang.NoClassDefFoundError" message="io/cucumber/core/options/CucumberOptionsAnnotationParser$OptionsProvider">
      <![CDATA[java.lang.NoClassDefFoundError: io/cucumber/core/options/CucumberOptionsAnnotationParser$OptionsProvider
at cucumber.api.testng.TestNGCucumberRunner.<init>(TestNGCucumberRunner.java:20)
at cucumber.api.testng.AbstractTestNGCucumberTests.setUpClass(AbstractTestNGCucumberTests.java:21)
Caused by: java.lang.ClassNotFoundException: io.cucumber.core.options.CucumberOptionsAnnotationParser$OptionsProvider
at java.net.URLClassLoader.findClass(Unknown Source)
at java.lang.ClassLoader.loadClass(Unknown Source)
at sun.misc.Launcher$AppClassLoader.loadClass(Unknown Source)
at java.lang.ClassLoader.loadClass(Unknown Source)
... 28 more
... Removed 26 stack frames]]>
    </failure>
  </testcase> <!-- @BeforeClass setUpClass -->
</testsuite> <!-- AutomationFramework -->
